<?xml version="1.0" encoding="UTF-8"?>
<!-- Generated by org.testng.reporters.JUnitReportReporter -->
<testsuite hostname="KORLOVA" name="com.example.tests.AlsoGroupCreationTests" tests="2" failures="0" timestamp="21 Oct 2014 17:55:10 GMT" time="4.357" errors="0">
  <testcase name="testNonEmptyGroupCreation" time="2.273" classname="com.example.tests.AlsoGroupCreationTests"/>
  <testcase name="testEmptyGroupCreation" time="2.084" classname="com.example.tests.AlsoGroupCreationTests"/>
</testsuite> <!-- com.example.tests.AlsoGroupCreationTests -->
