<?xml version="1.0" encoding="UTF-8"?>
<!-- Generated by org.testng.reporters.JUnitReportReporter -->
<testsuite hostname="KORLOVA" name="com.example.tests.ContactRemovalTests" tests="1" failures="0" timestamp="23 Oct 2014 16:24:11 GMT" time="1.277" errors="0">
  <testcase name="deleteSomeContact" time="1.277" classname="com.example.tests.ContactRemovalTests"/>
</testsuite> <!-- com.example.tests.ContactRemovalTests -->
