<?xml version="1.0" encoding="UTF-8"?>
<!-- Generated by org.testng.reporters.JUnitReportReporter -->
<testsuite hostname="KORLOVA" name="com.example.tests.ContactModificationTests" tests="1" failures="0" timestamp="26 Oct 2014 15:43:50 GMT" time="16.286" errors="0">
  <testcase name="modifySomeContact" time="16.286" classname="com.example.tests.ContactModificationTests"/>
</testsuite> <!-- com.example.tests.ContactModificationTests -->
