<?xml version="1.0" encoding="UTF-8"?>
<!-- Generated by org.testng.reporters.JUnitReportReporter -->
<testsuite hostname="KORLOVA" name="com.example.tests.GroupRemovalTests" tests="1" failures="0" timestamp="22 Oct 2014 18:52:22 GMT" time="1.474" errors="0">
  <testcase name="deleteSomeGroup" time="1.474" classname="com.example.tests.GroupRemovalTests"/>
</testsuite> <!-- com.example.tests.GroupRemovalTests -->
