<?xml version="1.0" encoding="UTF-8"?>
<!-- Generated by org.testng.reporters.JUnitReportReporter -->
<testsuite hostname="KORLOVA" name="com.example.tests.ContactCreationTests" tests="2" failures="0" timestamp="12 Oct 2014 19:23:00 GMT" time="10.290" errors="0">
  <testcase name="testNonEmptyContactCreation" time="7.368" classname="com.example.tests.ContactCreationTests"/>
  <testcase name="testEmptyContactCreation" time="2.922" classname="com.example.tests.ContactCreationTests"/>
</testsuite> <!-- com.example.tests.ContactCreationTests -->
