<?xml version="1.0" encoding="UTF-8"?>
<!-- Generated by org.testng.reporters.JUnitReportReporter -->
<testsuite hostname="KORLOVA" name="com.example.tests.GroupCreationTests" tests="2" failures="0" timestamp="12 Oct 2014 19:23:00 GMT" time="4.212" errors="0">
  <testcase name="testEmptyGroupCreation" time="2.024" classname="com.example.tests.GroupCreationTests"/>
  <testcase name="testNonEmptyGroupCreation" time="2.188" classname="com.example.tests.GroupCreationTests"/>
</testsuite> <!-- com.example.tests.GroupCreationTests -->
