<?xml version="1.0" encoding="UTF-8"?>
<!-- Generated by org.testng.reporters.JUnitReportReporter -->
<testsuite hostname="KORLOVA" name="com.example.tests.ContactCreationTests" tests="2" failures="0" timestamp="22 Oct 2014 18:53:30 GMT" time="8.404" errors="0">
  <testcase name="testEmptyContactCreation" time="2.401" classname="com.example.tests.ContactCreationTests"/>
  <testcase name="testNonEmptyContactCreation" time="6.003" classname="com.example.tests.ContactCreationTests"/>
</testsuite> <!-- com.example.tests.ContactCreationTests -->
