<?xml version="1.0" encoding="UTF-8"?>
<!-- Generated by org.testng.reporters.JUnitReportReporter -->
<testsuite hostname="KORLOVA" name="com.example.tests.GroupModificationTests" tests="1" failures="0" timestamp="22 Oct 2014 19:27:04 GMT" time="2.239" errors="0">
  <testcase name="modifySomeGroup" time="2.239" classname="com.example.tests.GroupModificationTests"/>
</testsuite> <!-- com.example.tests.GroupModificationTests -->
