<?xml version="1.0" encoding="UTF-8"?>
<!-- Generated by org.testng.reporters.JUnitReportReporter -->
<testsuite hostname="KORLOVA" name="com.example.tests.GroupModificationTests" tests="5" failures="0" timestamp="26 Oct 2014 18:14:38 GMT" time="13.578" errors="0">
  <testcase name="modifySomeGroup" time="2.438" classname="com.example.tests.GroupModificationTests"/>
  <testcase name="modifySomeGroup" time="3.017" classname="com.example.tests.GroupModificationTests"/>
  <testcase name="modifySomeGroup" time="2.760" classname="com.example.tests.GroupModificationTests"/>
  <testcase name="modifySomeGroup" time="2.685" classname="com.example.tests.GroupModificationTests"/>
  <testcase name="modifySomeGroup" time="2.678" classname="com.example.tests.GroupModificationTests"/>
</testsuite> <!-- com.example.tests.GroupModificationTests -->
