<?xml version="1.0" encoding="UTF-8"?>
<!-- Generated by org.testng.reporters.JUnitReportReporter -->
<testsuite hostname="KORLOVA" name="com.example.tests.AlsoGroupCreationTests" tests="2" failures="0" timestamp="12 Oct 2014 19:23:00 GMT" time="4.039" errors="0">
  <testcase name="testNonEmptyGroupCreation" time="2.065" classname="com.example.tests.AlsoGroupCreationTests"/>
  <testcase name="testEmptyGroupCreation" time="1.974" classname="com.example.tests.AlsoGroupCreationTests"/>
</testsuite> <!-- com.example.tests.AlsoGroupCreationTests -->
